d:\faculty\sem 2\dsa\project\debug\project.bsc
d:\faculty\sem 2\dsa\project\project\debug\project.pch
d:\faculty\sem 2\dsa\project\project\debug\vc120.pdb
d:\faculty\sem 2\dsa\project\project\debug\vc120.idb
d:\faculty\sem 2\dsa\project\project\debug\stdafx.obj
d:\faculty\sem 2\dsa\project\project\debug\stdafx.sbr
d:\faculty\sem 2\dsa\project\project\debug\sortedlist.obj
d:\faculty\sem 2\dsa\project\project\debug\project.obj
d:\faculty\sem 2\dsa\project\project\debug\balloon.obj
d:\faculty\sem 2\dsa\project\project\debug\sortedlistoverdv.obj
d:\faculty\sem 2\dsa\project\project\debug\menu.obj
d:\faculty\sem 2\dsa\project\project\debug\ui.obj
d:\faculty\sem 2\dsa\project\project\debug\ui.sbr
d:\faculty\sem 2\dsa\project\project\debug\controller.obj
d:\faculty\sem 2\dsa\project\project\debug\project.sbr
d:\faculty\sem 2\dsa\project\project\debug\controller.sbr
d:\faculty\sem 2\dsa\project\project\debug\menu.sbr
d:\faculty\sem 2\dsa\project\project\debug\balloon.sbr
d:\faculty\sem 2\dsa\project\debug\project.ilk
d:\faculty\sem 2\dsa\project\debug\project.exe
d:\faculty\sem 2\dsa\project\debug\project.pdb
d:\faculty\sem 2\dsa\project\project\debug\project.tlog\bscmake.command.1.tlog
d:\faculty\sem 2\dsa\project\project\debug\project.tlog\bscmake.read.1.tlog
d:\faculty\sem 2\dsa\project\project\debug\project.tlog\bscmake.write.1.tlog
d:\faculty\sem 2\dsa\project\project\debug\project.tlog\cl.command.1.tlog
d:\faculty\sem 2\dsa\project\project\debug\project.tlog\cl.read.1.tlog
d:\faculty\sem 2\dsa\project\project\debug\project.tlog\cl.write.1.tlog
d:\faculty\sem 2\dsa\project\project\debug\project.tlog\link.command.1.tlog
d:\faculty\sem 2\dsa\project\project\debug\project.tlog\link.read.1.tlog
d:\faculty\sem 2\dsa\project\project\debug\project.tlog\link.write.1.tlog
