Build started 04.06.2015 12:42:02.
     1>Project "D:\Faculty\Sem 2\DSA\project\project\project.vcxproj" on node 2 (Build target(s)).
     1>ClCompile:
         C:\Program Files (x86)\Microsoft Visual Studio 12.0\VC\bin\CL.exe /c /I"C:\Program Files (x86)\Visual Leak Detector\include" /ZI /nologo /W3 /WX- /sdl /Od /Oy- /D WIN32 /D _DEBUG /D _CONSOLE /D _LIB /D _UNICODE /D UNICODE /Gm /EHsc /RTC1 /MDd /GS /fp:precise /Zc:wchar_t /Zc:forScope /Yu"stdafx.h" /Fp"Debug\project.pch" /Fo"Debug\\" /Fd"Debug\vc120.pdb" /FR"Debug\\" /Gd /TP /analyze- /errorReport:prompt Controller.cpp Repository.cpp Ui.cpp project.cpp
         Controller.cpp
         Generating Code...
         Compiling...
         project.cpp
         Ui.cpp
         Repository.cpp
         Generating Code...
     1>d:\faculty\sem 2\dsa\project\project\bst.h(341): warning C4715: 'BST<Balloon,int>::MaximumKey' : not all control paths return a value
       Link:
         C:\Program Files (x86)\Microsoft Visual Studio 12.0\VC\bin\link.exe /ERRORREPORT:PROMPT /OUT:"D:\Faculty\Sem 2\DSA\project\Debug\project.exe" /INCREMENTAL /NOLOGO /LIBPATH:"C:\Program Files (x86)\Visual Leak Detector\lib\Win32" kernel32.lib user32.lib gdi32.lib winspool.lib comdlg32.lib advapi32.lib shell32.lib ole32.lib oleaut32.lib uuid.lib odbc32.lib odbccp32.lib /MANIFEST /MANIFESTUAC:"level='asInvoker' uiAccess='false'" /manifest:embed /DEBUG /PDB:"D:\Faculty\Sem 2\DSA\project\Debug\project.pdb" /SUBSYSTEM:CONSOLE /TLBID:1 /DYNAMICBASE /NXCOMPAT /IMPLIB:"D:\Faculty\Sem 2\DSA\project\Debug\project.lib" /MACHINE:X86 Debug\Balloon.obj
         Debug\Controller.obj
         Debug\Menu.obj
         Debug\project.obj
         Debug\Repository.obj
         Debug\stdafx.obj
         Debug\Ui.obj
         project.vcxproj -> D:\Faculty\Sem 2\DSA\project\Debug\project.exe
       BscMake:
         C:\Program Files (x86)\Microsoft Visual Studio 12.0\VC\bin\bscmake.exe /nologo /o"D:\Faculty\Sem 2\DSA\project\Debug\project.bsc" /n Debug\Balloon.sbr Debug\Controller.sbr Debug\Menu.sbr Debug\project.sbr Debug\Repository.sbr Debug\stdafx.sbr Debug\Ui.sbr
     1>Done Building Project "D:\Faculty\Sem 2\DSA\project\project\project.vcxproj" (Build target(s)).

Build succeeded.

Time Elapsed 00:00:04.47
